<?xml version="1.0" encoding="UTF-8"?>
<testng-results ignored="0" total="1" passed="1" failed="0" skipped="0">
  <reporter-output>
  </reporter-output>
  <suite started-at="2024-03-17T07:35:31 PDT" name="Default suite" finished-at="2024-03-17T07:35:42 PDT" duration-ms="11011">
    <groups>
    </groups>
    <test started-at="2024-03-17T07:35:31 PDT" name="Default test" finished-at="2024-03-17T07:35:42 PDT" duration-ms="11011">
      <class name="Selenium.Practice.FirstRun">
        <test-method signature="login()[pri:0, instance:Selenium.Practice.FirstRun@2e3967ea]" started-at="2024-03-17T07:35:31 PDT" name="login" finished-at="2024-03-17T07:35:42 PDT" duration-ms="10971" status="PASS">
          <reporter-output>
          </reporter-output>
        </test-method> <!-- login -->
      </class> <!-- Selenium.Practice.FirstRun -->
    </test> <!-- Default test -->
  </suite> <!-- Default suite -->
</testng-results>
